<?xml version="1.0" encoding="UTF-8"?>
<testng-results ignored="0" total="1" passed="1" failed="0" skipped="0">
  <reporter-output>
  </reporter-output>
  <suite started-at="2024-06-16T23:24:53 IST" name="Default suite" finished-at="2024-06-16T23:25:21 IST" duration-ms="27581">
    <groups>
    </groups>
    <test started-at="2024-06-16T23:24:53 IST" name="Default test" finished-at="2024-06-16T23:25:21 IST" duration-ms="27581">
      <class name="TestCases.Flight_booking">
        <test-method is-config="true" signature="initialization()[pri:0, instance:TestCases.Flight_booking@2b71e916]" started-at="2024-06-16T23:24:53 IST" name="initialization" finished-at="2024-06-16T23:25:05 IST" duration-ms="11757" status="PASS">
          <reporter-output>
          </reporter-output>
        </test-method> <!-- initialization -->
        <test-method signature="flightbook()[pri:0, instance:TestCases.Flight_booking@2b71e916]" started-at="2024-06-16T23:25:05 IST" name="flightbook" finished-at="2024-06-16T23:25:21 IST" duration-ms="15757" status="PASS">
          <reporter-output>
          </reporter-output>
        </test-method> <!-- flightbook -->
      </class> <!-- TestCases.Flight_booking -->
    </test> <!-- Default test -->
  </suite> <!-- Default suite -->
</testng-results>
