<?xml version="1.0" encoding="UTF-8"?>
<testng-results ignored="0" total="1" passed="1" failed="0" skipped="0">
  <reporter-output>
  </reporter-output>
  <suite started-at="2024-06-12T23:55:10 IST" name="Default suite" finished-at="2024-06-12T23:55:31 IST" duration-ms="21084">
    <groups>
    </groups>
    <test started-at="2024-06-12T23:55:10 IST" name="Default test" finished-at="2024-06-12T23:55:31 IST" duration-ms="21084">
      <class name="BaseClass_makemytrip">
        <test-method signature="initialization()[pri:0, instance:BaseClass_makemytrip@351d00c0]" started-at="2024-06-12T23:55:10 IST" name="initialization" finished-at="2024-06-12T23:55:31 IST" duration-ms="21050" status="PASS">
          <reporter-output>
          </reporter-output>
        </test-method> <!-- initialization -->
      </class> <!-- BaseClass_makemytrip -->
    </test> <!-- Default test -->
  </suite> <!-- Default suite -->
</testng-results>
